<?xml version="1.0" encoding="UTF-8"?>
<!-- Generated by org.testng.reporters.JUnitXMLReporter -->
<testsuite hostname="SAI-PC" ignored="1" name="Default test" tests="3" failures="0" timestamp="12 Nov 2018 09:04:42 GMT" time="0.075" errors="0">
  <testcase name="composemailTest" time="0.007" classname="com.differentparameteroftestng.yahoomailTest"/>
  <testcase name="deleteMailTest" time="0.004" classname="com.differentparameteroftestng.yahoomailTest"/>
  <testcase name="sentItemmailTest" time="0.006" classname="com.differentparameteroftestng.yahoomailTest"/>
  <testcase name="searchmailTest" time="0.0" classname="com.differentparameteroftestng.yahoomailTest">
    <ignored/>
  </testcase> <!-- searchmailTest -->
</testsuite> <!-- Default test -->
